mode: set
github.com\info344-a17\challenges-andrenguyener\servers\gateway\models\users\user.go:53.37,62.16 2 1
github.com\info344-a17\challenges-andrenguyener\servers\gateway\models\users\user.go:65.2,65.26 1 1
github.com\info344-a17\challenges-andrenguyener\servers\gateway\models\users\user.go:69.2,69.56 1 1
github.com\info344-a17\challenges-andrenguyener\servers\gateway\models\users\user.go:73.2,73.27 1 1
github.com\info344-a17\challenges-andrenguyener\servers\gateway\models\users\user.go:77.2,77.12 1 1
github.com\info344-a17\challenges-andrenguyener\servers\gateway\models\users\user.go:62.16,64.3 1 1
github.com\info344-a17\challenges-andrenguyener\servers\gateway\models\users\user.go:65.26,68.3 1 0
github.com\info344-a17\challenges-andrenguyener\servers\gateway\models\users\user.go:69.56,72.3 1 1
github.com\info344-a17\challenges-andrenguyener\servers\gateway\models\users\user.go:73.27,76.3 1 1
github.com\info344-a17\challenges-andrenguyener\servers\gateway\models\users\user.go:82.44,110.16 8 1
github.com\info344-a17\challenges-andrenguyener\servers\gateway\models\users\user.go:113.2,113.18 1 1
github.com\info344-a17\challenges-andrenguyener\servers\gateway\models\users\user.go:110.16,112.3 1 0
github.com\info344-a17\challenges-andrenguyener\servers\gateway\models\users\user.go:120.34,122.51 1 1
github.com\info344-a17\challenges-andrenguyener\servers\gateway\models\users\user.go:125.2,125.39 1 1
github.com\info344-a17\challenges-andrenguyener\servers\gateway\models\users\user.go:122.51,124.3 1 1
github.com\info344-a17\challenges-andrenguyener\servers\gateway\models\users\user.go:129.51,133.16 2 1
github.com\info344-a17\challenges-andrenguyener\servers\gateway\models\users\user.go:136.2,137.12 2 1
github.com\info344-a17\challenges-andrenguyener\servers\gateway\models\users\user.go:133.16,135.3 1 0
github.com\info344-a17\challenges-andrenguyener\servers\gateway\models\users\user.go:142.52,147.16 2 1
github.com\info344-a17\challenges-andrenguyener\servers\gateway\models\users\user.go:150.2,150.12 1 1
github.com\info344-a17\challenges-andrenguyener\servers\gateway\models\users\user.go:147.16,149.3 1 1
github.com\info344-a17\challenges-andrenguyener\servers\gateway\models\users\user.go:155.53,160.63 1 1
github.com\info344-a17\challenges-andrenguyener\servers\gateway\models\users\user.go:163.2,165.12 3 1
github.com\info344-a17\challenges-andrenguyener\servers\gateway\models\users\user.go:160.63,162.3 1 1
github.com\info344-a17\challenges-andrenguyener\servers\gateway\models\users\memstore.go:15.30,19.2 1 1
github.com\info344-a17\challenges-andrenguyener\servers\gateway\models\users\memstore.go:22.62,23.34 1 1
github.com\info344-a17\challenges-andrenguyener\servers\gateway\models\users\memstore.go:28.2,28.29 1 1
github.com\info344-a17\challenges-andrenguyener\servers\gateway\models\users\memstore.go:23.34,24.20 1 1
github.com\info344-a17\challenges-andrenguyener\servers\gateway\models\users\memstore.go:24.20,26.4 1 1
github.com\info344-a17\challenges-andrenguyener\servers\gateway\models\users\memstore.go:32.61,33.34 1 1
github.com\info344-a17\challenges-andrenguyener\servers\gateway\models\users\memstore.go:38.2,38.29 1 0
github.com\info344-a17\challenges-andrenguyener\servers\gateway\models\users\memstore.go:33.34,34.26 1 1
github.com\info344-a17\challenges-andrenguyener\servers\gateway\models\users\memstore.go:34.26,36.4 1 1
github.com\info344-a17\challenges-andrenguyener\servers\gateway\models\users\memstore.go:42.67,43.34 1 1
github.com\info344-a17\challenges-andrenguyener\servers\gateway\models\users\memstore.go:48.2,48.29 1 0
github.com\info344-a17\challenges-andrenguyener\servers\gateway\models\users\memstore.go:43.34,44.32 1 1
github.com\info344-a17\challenges-andrenguyener\servers\gateway\models\users\memstore.go:44.32,46.4 1 1
github.com\info344-a17\challenges-andrenguyener\servers\gateway\models\users\memstore.go:53.61,55.16 2 1
github.com\info344-a17\challenges-andrenguyener\servers\gateway\models\users\memstore.go:58.2,59.16 2 1
github.com\info344-a17\challenges-andrenguyener\servers\gateway\models\users\memstore.go:62.2,63.30 2 1
github.com\info344-a17\challenges-andrenguyener\servers\gateway\models\users\memstore.go:55.16,57.3 1 0
github.com\info344-a17\challenges-andrenguyener\servers\gateway\models\users\memstore.go:59.16,61.3 1 0
github.com\info344-a17\challenges-andrenguyener\servers\gateway\models\users\memstore.go:67.74,69.16 2 1
github.com\info344-a17\challenges-andrenguyener\servers\gateway\models\users\memstore.go:72.2,73.16 2 1
github.com\info344-a17\challenges-andrenguyener\servers\gateway\models\users\memstore.go:76.2,76.12 1 1
github.com\info344-a17\challenges-andrenguyener\servers\gateway\models\users\memstore.go:69.16,71.3 1 0
github.com\info344-a17\challenges-andrenguyener\servers\gateway\models\users\memstore.go:73.16,75.3 1 0
github.com\info344-a17\challenges-andrenguyener\servers\gateway\models\users\memstore.go:80.56,81.38 1 1
github.com\info344-a17\challenges-andrenguyener\servers\gateway\models\users\memstore.go:88.2,88.42 1 0
github.com\info344-a17\challenges-andrenguyener\servers\gateway\models\users\memstore.go:81.38,82.24 1 1
github.com\info344-a17\challenges-andrenguyener\servers\gateway\models\users\memstore.go:82.24,85.4 2 1
github.com\info344-a17\challenges-andrenguyener\servers\gateway\models\users\mongostore.go:19.83,20.17 1 0
github.com\info344-a17\challenges-andrenguyener\servers\gateway\models\users\mongostore.go:23.2,28.3 1 0
github.com\info344-a17\challenges-andrenguyener\servers\gateway\models\users\mongostore.go:20.17,21.42 1 0
github.com\info344-a17\challenges-andrenguyener\servers\gateway\models\users\mongostore.go:32.64,34.2 1 0
github.com\info344-a17\challenges-andrenguyener\servers\gateway\models\users\mongostore.go:37.63,39.2 1 0
github.com\info344-a17\challenges-andrenguyener\servers\gateway\models\users\mongostore.go:42.69,44.2 1 0
github.com\info344-a17\challenges-andrenguyener\servers\gateway\models\users\mongostore.go:48.63,50.16 2 0
github.com\info344-a17\challenges-andrenguyener\servers\gateway\models\users\mongostore.go:53.2,54.16 2 0
github.com\info344-a17\challenges-andrenguyener\servers\gateway\models\users\mongostore.go:57.2,57.51 1 0
github.com\info344-a17\challenges-andrenguyener\servers\gateway\models\users\mongostore.go:60.2,60.18 1 0
github.com\info344-a17\challenges-andrenguyener\servers\gateway\models\users\mongostore.go:50.16,52.3 1 0
github.com\info344-a17\challenges-andrenguyener\servers\gateway\models\users\mongostore.go:54.16,56.3 1 0
github.com\info344-a17\challenges-andrenguyener\servers\gateway\models\users\mongostore.go:57.51,59.3 1 0
github.com\info344-a17\challenges-andrenguyener\servers\gateway\models\users\mongostore.go:64.76,66.2 1 0
github.com\info344-a17\challenges-andrenguyener\servers\gateway\models\users\mongostore.go:69.58,71.2 1 0
